[2026-05-14T14:43:01.600Z] [INFO] Scheduled task: Full anatomy rescan (0 */6 * * *)
[2026-05-14T14:43:01.606Z] [INFO] Scheduled task: Consolidate old memory (0 2 * * *)
[2026-05-14T14:43:01.607Z] [INFO] Scheduled task: Token audit report (0 0 * * 1)
[2026-05-14T14:43:01.607Z] [INFO] Scheduled task: Cerebrum reflection (0 3 * * 0)
[2026-05-14T14:43:01.607Z] [INFO] Scheduled task: AI suggestions (0 4 * * 1)
[2026-05-14T14:43:01.608Z] [INFO] File watcher started on .wolf/
[2026-05-14T14:43:01.609Z] [INFO] OpenWolf daemon started
[2026-05-14T14:43:01.609Z] [INFO] Dashboard server listening on port 18791
[2026-05-14T14:43:02.889Z] [INFO] WebSocket client connected
[2026-05-14T14:43:22.779Z] [INFO] Executing task: Full anatomy rescan
[2026-05-14T14:43:22.857Z] [INFO] Task Full anatomy rescan completed in 77ms
[2026-05-15T00:00:00.266Z] [INFO] Executing task: Consolidate old memory
[2026-05-15T00:00:00.344Z] [INFO] Task Consolidate old memory completed in 77ms
[2026-05-15T04:00:00.779Z] [INFO] Executing task: Full anatomy rescan
[2026-05-15T04:00:00.874Z] [INFO] Task Full anatomy rescan completed in 95ms
[2026-05-15T10:00:00.540Z] [INFO] Executing task: Full anatomy rescan
[2026-05-15T10:00:00.613Z] [INFO] Task Full anatomy rescan completed in 72ms
[2026-05-15T22:00:00.673Z] [INFO] Executing task: Full anatomy rescan
[2026-05-15T22:00:00.782Z] [INFO] Task Full anatomy rescan completed in 109ms
[2026-05-16T00:00:00.673Z] [INFO] Executing task: Consolidate old memory
[2026-05-16T00:00:00.684Z] [INFO] Task Consolidate old memory completed in 9ms
[2026-05-16T22:00:00.199Z] [INFO] Executing task: Full anatomy rescan
[2026-05-16T22:00:00.331Z] [INFO] Task Full anatomy rescan completed in 132ms
[2026-05-17T00:00:00.164Z] [INFO] Executing task: Consolidate old memory
[2026-05-17T00:00:00.173Z] [INFO] Task Consolidate old memory completed in 7ms
[2026-05-17T04:00:00.890Z] [INFO] Executing task: Full anatomy rescan
[2026-05-17T04:00:01.001Z] [INFO] Task Full anatomy rescan completed in 110ms
[2026-05-17T22:00:00.058Z] [INFO] Executing task: Full anatomy rescan
[2026-05-17T22:00:00.139Z] [INFO] Task Full anatomy rescan completed in 81ms
[2026-05-17T22:00:00.139Z] [INFO] Executing task: Token audit report
[2026-05-17T22:00:00.151Z] [INFO] Task Token audit report completed in 12ms
[2026-05-18T22:00:00.302Z] [INFO] Executing task: Full anatomy rescan
[2026-05-18T22:00:00.389Z] [INFO] Task Full anatomy rescan completed in 89ms
[2026-05-19T22:00:00.477Z] [INFO] Executing task: Full anatomy rescan
[2026-05-19T22:00:00.803Z] [INFO] Task Full anatomy rescan completed in 327ms
[2026-05-20T00:00:00.409Z] [INFO] Executing task: Consolidate old memory
[2026-05-20T00:00:00.421Z] [INFO] Task Consolidate old memory completed in 13ms
[2026-05-21T16:00:00.672Z] [INFO] Executing task: Full anatomy rescan
[2026-05-21T16:00:00.827Z] [INFO] Task Full anatomy rescan completed in 155ms
[2026-05-21T22:00:00.149Z] [INFO] Executing task: Full anatomy rescan
[2026-05-21T22:00:00.267Z] [INFO] Task Full anatomy rescan completed in 118ms
[2026-05-22T22:00:00.768Z] [INFO] Executing task: Full anatomy rescan
[2026-05-22T22:00:00.904Z] [INFO] Task Full anatomy rescan completed in 135ms
[2026-05-23T00:00:00.095Z] [INFO] Executing task: Consolidate old memory
[2026-05-23T00:00:00.111Z] [INFO] Task Consolidate old memory completed in 15ms
[2026-05-23T22:00:00.626Z] [INFO] Executing task: Full anatomy rescan
[2026-05-23T22:00:00.718Z] [INFO] Task Full anatomy rescan completed in 92ms
[2026-05-24T22:00:00.479Z] [INFO] Executing task: Full anatomy rescan
[2026-05-24T22:00:00.557Z] [INFO] Task Full anatomy rescan completed in 78ms
[2026-05-24T22:00:00.557Z] [INFO] Executing task: Token audit report
[2026-05-24T22:00:00.584Z] [INFO] Task Token audit report completed in 11ms
[2026-05-25T10:00:00.007Z] [INFO] Executing task: Full anatomy rescan
[2026-05-25T10:00:00.096Z] [INFO] Task Full anatomy rescan completed in 89ms
[2026-05-25T22:00:00.740Z] [INFO] Executing task: Full anatomy rescan
[2026-05-25T22:00:00.848Z] [INFO] Task Full anatomy rescan completed in 107ms
[2026-05-27T00:00:00.677Z] [INFO] Executing task: Consolidate old memory
[2026-05-27T00:00:00.705Z] [INFO] Task Consolidate old memory completed in 26ms
[2026-05-27T04:00:00.640Z] [INFO] Executing task: Full anatomy rescan
[2026-05-27T04:00:00.753Z] [INFO] Task Full anatomy rescan completed in 114ms
[2026-05-27T22:00:00.407Z] [INFO] Executing task: Full anatomy rescan
[2026-05-27T22:00:00.494Z] [INFO] Task Full anatomy rescan completed in 87ms
[2026-05-28T00:00:00.635Z] [INFO] Executing task: Consolidate old memory
[2026-05-28T00:00:00.651Z] [INFO] Task Consolidate old memory completed in 15ms
[2026-05-29T00:00:00.334Z] [INFO] Executing task: Consolidate old memory
[2026-05-29T00:00:00.383Z] [INFO] Task Consolidate old memory completed in 47ms
[2026-05-31T00:00:00.477Z] [INFO] Executing task: Consolidate old memory
[2026-05-31T00:00:00.497Z] [INFO] Task Consolidate old memory completed in 19ms
[2026-05-31T04:00:00.046Z] [INFO] Executing task: Full anatomy rescan
[2026-05-31T04:00:00.163Z] [INFO] Task Full anatomy rescan completed in 117ms
[2026-06-01T00:00:00.244Z] [INFO] Executing task: Consolidate old memory
[2026-06-01T00:00:00.287Z] [INFO] Task Consolidate old memory completed in 41ms
[2026-06-01T10:00:00.779Z] [INFO] Executing task: Full anatomy rescan
[2026-06-01T10:00:00.930Z] [INFO] Task Full anatomy rescan completed in 153ms
[2026-06-02T22:00:00.991Z] [INFO] Executing task: Full anatomy rescan
[2026-06-02T22:00:01.130Z] [INFO] Task Full anatomy rescan completed in 139ms
[2026-06-03T00:00:00.229Z] [INFO] Executing task: Consolidate old memory
[2026-06-03T00:00:00.253Z] [INFO] Task Consolidate old memory completed in 22ms
[2026-06-03T04:00:00.232Z] [INFO] Executing task: Full anatomy rescan
[2026-06-03T04:00:00.326Z] [INFO] Task Full anatomy rescan completed in 95ms
[2026-06-03T10:00:00.642Z] [INFO] Executing task: Full anatomy rescan
[2026-06-03T10:00:00.746Z] [INFO] Task Full anatomy rescan completed in 102ms
[2026-06-03T16:00:00.258Z] [INFO] Executing task: Full anatomy rescan
[2026-06-03T16:00:00.339Z] [INFO] Task Full anatomy rescan completed in 82ms
[2026-06-03T22:00:00.317Z] [INFO] Executing task: Full anatomy rescan
[2026-06-03T22:00:00.414Z] [INFO] Task Full anatomy rescan completed in 98ms
[2026-06-04T00:00:00.286Z] [INFO] Executing task: Consolidate old memory
[2026-06-04T00:00:00.308Z] [INFO] Task Consolidate old memory completed in 19ms
[2026-06-04T03:49:18.701Z] [INFO] Daemon shutting down...
[2026-06-04T03:49:18.779Z] [INFO] Daemon stopped
